============================================================
Time  2024/07/19 15:31:15 162 
============================================================
[2024/07/19 15:31:15 162] grm_lex    264  SYS_MSG_LOAD  
[2024/07/19 15:31:15 162] grm_lex    281  SYS_MSG_REGCB  
[2024/07/19 15:31:15 162] grm_lex    267  SYS_MSG_UNLOAD  
[2024/07/19 15:31:15 162] grm_lex    281  SYS_MSG_REGCB  
[2024/07/19 15:31:15 162] grm_lex    251  ISR_MSG_BUILDGRAMMAR  
[2024/07/19 15:31:15 162] grm_lex    100  grm_type :  bnf  
[2024/07/19 15:31:15 162] grm_lex    106  engine_type  :  local  
[2024/07/19 15:31:15 162] grm_lex    106  asr_res_path  :  fo|res/asr/common.jet  
[2024/07/19 15:31:15 162] grm_lex    106  sample_rate  :  16000  
[2024/07/19 15:31:15 162] grm_lex    106  grm_build_path  :  res/asr/GrmBuilld  
[2024/07/19 15:31:15 163] grm_lex    254  ISR_MSG_BUILDGRAMMAR ret =  0  
[2024/07/19 15:31:15 201] grm_lex    71   0  call  
============================================================
Time  2024/07/19 15:31:21 246 
============================================================
[2024/07/19 15:31:21 246] grm_lex    264  SYS_MSG_LOAD  
[2024/07/19 15:31:21 246] grm_lex    281  SYS_MSG_REGCB  
[2024/07/19 15:31:21 248] grm_lex    267  SYS_MSG_UNLOAD  
[2024/07/19 15:31:21 249] grm_lex    281  SYS_MSG_REGCB  
[2024/07/19 15:31:21 250] grm_lex    257  ISR_MSG_UPDATELEXICON  
[2024/07/19 15:31:21 250] grm_lex    168  contact  16  
[2024/07/19 15:31:21 250] grm_lex    174  engine_type  :  local  
[2024/07/19 15:31:21 250] grm_lex    174  text_encoding  :  UTF-8  
[2024/07/19 15:31:21 250] grm_lex    174  asr_res_path  :  fo|res/asr/common.jet  
[2024/07/19 15:31:21 251] grm_lex    174  sample_rate  :  16000  
[2024/07/19 15:31:21 251] grm_lex    174  grm_build_path  :  res/asr/GrmBuilld  
[2024/07/19 15:31:21 251] grm_lex    174  grammar_list  :  call  
[2024/07/19 15:31:21 269] grm_lex    260  ISR_MSG_UPDATELEXICON ret =  0  
[2024/07/19 15:31:21 282] grm_lex    71   0  call  
============================================================
Time  2024/07/19 15:32:00 426 
============================================================
[2024/07/19 15:32:00 426] grm_lex    264  SYS_MSG_LOAD  
[2024/07/19 15:32:00 426] grm_lex    281  SYS_MSG_REGCB  
[2024/07/19 15:32:00 426] grm_lex    267  SYS_MSG_UNLOAD  
[2024/07/19 15:32:00 426] grm_lex    281  SYS_MSG_REGCB  
[2024/07/19 15:32:00 426] grm_lex    251  ISR_MSG_BUILDGRAMMAR  
[2024/07/19 15:32:00 426] grm_lex    100  grm_type :  bnf  
[2024/07/19 15:32:00 426] grm_lex    106  engine_type  :  local  
[2024/07/19 15:32:00 426] grm_lex    106  asr_res_path  :  fo|res/asr/common.jet  
[2024/07/19 15:32:00 426] grm_lex    106  sample_rate  :  16000  
[2024/07/19 15:32:00 426] grm_lex    106  grm_build_path  :  res/asr/GrmBuilld  
[2024/07/19 15:32:00 427] grm_lex    254  ISR_MSG_BUILDGRAMMAR ret =  0  
[2024/07/19 15:32:00 457] grm_lex    71   0  call  
============================================================
Time  2024/07/19 15:32:07 098 
============================================================
[2024/07/19 15:32:07 098] grm_lex    264  SYS_MSG_LOAD  
[2024/07/19 15:32:07 099] grm_lex    281  SYS_MSG_REGCB  
[2024/07/19 15:32:07 099] grm_lex    267  SYS_MSG_UNLOAD  
[2024/07/19 15:32:07 105] grm_lex    281  SYS_MSG_REGCB  
[2024/07/19 15:32:07 106] grm_lex    257  ISR_MSG_UPDATELEXICON  
[2024/07/19 15:32:07 106] grm_lex    168  contact  16  
[2024/07/19 15:32:07 106] grm_lex    174  engine_type  :  local  
[2024/07/19 15:32:07 106] grm_lex    174  text_encoding  :  UTF-8  
[2024/07/19 15:32:07 106] grm_lex    174  asr_res_path  :  fo|res/asr/common.jet  
[2024/07/19 15:32:07 106] grm_lex    174  sample_rate  :  16000  
[2024/07/19 15:32:07 107] grm_lex    174  grm_build_path  :  res/asr/GrmBuilld  
[2024/07/19 15:32:07 107] grm_lex    174  grammar_list  :  call  
[2024/07/19 15:32:07 109] grm_lex    260  ISR_MSG_UPDATELEXICON ret =  0  
[2024/07/19 15:32:07 144] grm_lex    71   0  call  
