============================================================
Time  2024/07/19 15:31:15 159 
============================================================
[2024/07/19 15:31:15 159] lgi        644  SYS_MSG_LOAD  
[2024/07/19 15:31:15 160] lgi        666  SYS_MSG_REGCB  msp_status_cb  func(94052f10) 
[2024/07/19 15:31:15 160] lgi        292  LGI_MSG_INIT  
[2024/07/19 15:31:15 160] lgi        299  lgi  lgi_  268436457  1562576071  
[2024/07/19 15:31:15 160] lgi        332  lgi params:  appid = 93f704a1  
[2024/07/19 15:31:15 160] lgi        346  auth_time_str=  2024/07/19 15:31:15  
[2024/07/19 15:31:15 160] lgi        352  auth_appid=  93f704a1  
[2024/07/19 15:31:15 160] lgi        363  token:  nil  
[2024/07/19 15:31:15 160] lgi        436  msc cver : 5.0.38.1195  
[2024/07/19 15:31:15 160] lgi        479  ns_enable=  1  
[2024/07/19 15:31:15 160] lgi        491  prot_ver=1  
[2024/07/19 15:31:15 161] lgi        502  prot_type=tcp  
[2024/07/19 15:31:15 161] lgi        653  SYS_MSG_UNLOAD  go bg!  
============================================================
Time  2024/07/19 15:32:00 420 
============================================================
[2024/07/19 15:32:00 420] lgi        644  SYS_MSG_LOAD  
[2024/07/19 15:32:00 422] lgi        666  SYS_MSG_REGCB  msp_status_cb  func(90052f10) 
[2024/07/19 15:32:00 423] lgi        292  LGI_MSG_INIT  
[2024/07/19 15:32:00 423] lgi        299  lgi  lgi_  268436457  1562576071  
[2024/07/19 15:32:00 423] lgi        332  lgi params:  appid = 93f704a1  
[2024/07/19 15:32:00 423] lgi        346  auth_time_str=  2024/07/19 15:32:00  
[2024/07/19 15:32:00 423] lgi        352  auth_appid=  93f704a1  
[2024/07/19 15:32:00 424] lgi        363  token:  nil  
[2024/07/19 15:32:00 424] lgi        436  msc cver : 5.0.38.1195  
[2024/07/19 15:32:00 424] lgi        479  ns_enable=  1  
[2024/07/19 15:32:00 424] lgi        491  prot_ver=1  
[2024/07/19 15:32:00 424] lgi        502  prot_type=tcp  
[2024/07/19 15:32:00 425] lgi        653  SYS_MSG_UNLOAD  go bg!  
[2024/07/19 15:32:16 065] lgi        657  SYS_MSG_SHUTDOWN  
============================================================
Time  2024/07/19 15:36:13 340 
============================================================
[2024/07/19 15:36:13 340] lgi        644  SYS_MSG_LOAD  
[2024/07/19 15:36:13 341] lgi        666  SYS_MSG_REGCB  msp_status_cb  func(6c0137b0) 
[2024/07/19 15:36:13 341] lgi        292  LGI_MSG_INIT  
[2024/07/19 15:36:13 341] lgi        299  lgi  lgi_  268436457  1562576071  
[2024/07/19 15:36:13 341] lgi        332  lgi params:  appid = d4f9924c  
[2024/07/19 15:36:13 341] lgi        346  auth_time_str=  2024/07/19 15:36:13  
[2024/07/19 15:36:13 341] lgi        352  auth_appid=  d4f9924c  
[2024/07/19 15:36:13 341] lgi        363  token:  nil  
[2024/07/19 15:36:13 341] lgi        436  msc cver : 5.0.38.1195  
[2024/07/19 15:36:13 341] lgi        479  ns_enable=  1  
[2024/07/19 15:36:13 341] lgi        491  prot_ver=1  
[2024/07/19 15:36:13 341] lgi        502  prot_type=tcp  
[2024/07/19 15:36:13 342] lgi        653  SYS_MSG_UNLOAD  go bg!  
============================================================
Time  2024/07/19 15:39:16 354 
============================================================
[2024/07/19 15:39:16 354] lgi        644  SYS_MSG_LOAD  
[2024/07/19 15:39:16 355] lgi        666  SYS_MSG_REGCB  msp_status_cb  func(58013660) 
[2024/07/19 15:39:16 355] lgi        292  LGI_MSG_INIT  
[2024/07/19 15:39:16 355] lgi        299  lgi  lgi_  268436457  1562576071  
[2024/07/19 15:39:16 355] lgi        332  lgi params:  appid = 93f704a1  
[2024/07/19 15:39:16 356] lgi        346  auth_time_str=  2024/07/19 15:39:16  
[2024/07/19 15:39:16 356] lgi        352  auth_appid=  93f704a1  
[2024/07/19 15:39:16 356] lgi        363  token:  nil  
[2024/07/19 15:39:16 356] lgi        436  msc cver : 5.0.38.1195  
[2024/07/19 15:39:16 356] lgi        479  ns_enable=  1  
[2024/07/19 15:39:16 356] lgi        491  prot_ver=1  
[2024/07/19 15:39:16 356] lgi        502  prot_type=tcp  
[2024/07/19 15:39:16 356] lgi        653  SYS_MSG_UNLOAD  go bg!  
============================================================
Time  2024/07/19 15:43:02 435 
============================================================
[2024/07/19 15:43:02 435] lgi        644  SYS_MSG_LOAD  
[2024/07/19 15:43:02 436] lgi        666  SYS_MSG_REGCB  msp_status_cb  func(380531f0) 
[2024/07/19 15:43:02 436] lgi        292  LGI_MSG_INIT  
[2024/07/19 15:43:02 436] lgi        299  lgi  lgi_  268436457  1562576071  
[2024/07/19 15:43:02 436] lgi        332  lgi params:  appid = 93f704a1  
[2024/07/19 15:43:02 436] lgi        346  auth_time_str=  2024/07/19 15:43:02  
[2024/07/19 15:43:02 436] lgi        352  auth_appid=  93f704a1  
[2024/07/19 15:43:02 436] lgi        363  token:  nil  
[2024/07/19 15:43:02 436] lgi        436  msc cver : 5.0.38.1195  
[2024/07/19 15:43:02 436] lgi        479  ns_enable=  1  
[2024/07/19 15:43:02 436] lgi        491  prot_ver=1  
[2024/07/19 15:43:02 436] lgi        502  prot_type=tcp  
[2024/07/19 15:43:02 436] lgi        653  SYS_MSG_UNLOAD  go bg!  
