============================================================
Time  2024/07/19 15:32:07 121 
============================================================
[2024/07/19 15:32:07 121] isr_local  2168 os_type is:  Linux  
[2024/07/19 15:32:07 122] isr_local  2177 SYS_MSG_LOAD_LOCAL  
[2024/07/19 15:32:07 122] isr_local  2265 last gc at  1721374320  
[2024/07/19 15:32:07 122] isr_local  2206 SYS_MSG_REGCB_LOCAL| param0 =  msp_status_cb  
[2024/07/19 15:32:07 122] isr_local  2265 last gc at  1721374320  
[2024/07/19 15:32:07 123] isr_local  2206 SYS_MSG_REGCB_LOCAL| param0 =  update_lex_cb  
[2024/07/19 15:32:07 123] isr_local  2265 last gc at  1721374320  
[2024/07/19 15:32:07 123] isr_local  2232 ASR_LOCAL_MSG_UPDATE_LEX  
[2024/07/19 15:32:07 123] isr_local  1860 grm_init | params:  engine_type = local, text_encoding = UTF-8, 		asr_res_path = fo|res/asr/common.jet, sample_rate = 16000, 		grm_build_path = res/asr/GrmBuilld, grammar_list = call,   
[2024/07/19 15:32:07 123] isr_local  803  engine_type  :  local  
[2024/07/19 15:32:07 124] isr_local  803  text_encoding  :  UTF-8  
[2024/07/19 15:32:07 124] isr_local  803  asr_res_path  :  fo|res/asr/common.jet  
[2024/07/19 15:32:07 124] isr_local  803  sample_rate  :  16000  
[2024/07/19 15:32:07 124] isr_local  803  grm_build_path  :  res/asr/GrmBuilld  
[2024/07/19 15:32:07 124] isr_local  803  grammar_list  :  call  
[2024/07/19 15:32:07 125] isr_local  1000 file count =   1  
[2024/07/19 15:32:07 125] isr_local  923  file open type is:   fo  
[2024/07/19 15:32:07 125] isr_local  956  res/asr/common.jet  0  0  
[2024/07/19 15:32:07 125] isr_local  1018 speech_plus_setting  0  
[2024/07/19 15:32:07 125] isr_local  1031 2  nil  res/asr/common.jet  0  0  
[2024/07/19 15:32:07 126] isr_local  1033 res_ver  2  
[2024/07/19 15:32:07 126] isr_local  1034 res 5  07628dc3fff61cc19f7b714af039d4eb  
[2024/07/19 15:32:07 126] isr_local  1035 res_new_old_mark  v5pp  
[2024/07/19 15:32:07 126] isr_local  1036 res_usr_name  ""  
[2024/07/19 15:32:07 126] isr_local  1037 res_expires  1725953745  
[2024/07/19 15:32:07 126] isr_local  1038 err  0  
[2024/07/19 15:32:07 126] isr_local  1054 lgi appid 5  07628dc3fff61cc19f7b714af039d4eb  
[2024/07/19 15:32:07 126] isr_local  1069 now expires:  1721374327  1725953745  
[2024/07/19 15:32:07 127] isr_local  2241 update dict  
[2024/07/19 15:32:07 127] isr_local  1717 contact  call  
[2024/07/19 15:32:07 129] isr_local  1768 grm_list grm name:   call  
[2024/07/19 15:32:07 129] isr_local  1601 proc_retcode_grm | errorcode =  0  
[2024/07/19 15:32:07 143] isr_local  1979 grammar id:call  
[2024/07/19 15:32:07 143] isr_local  1593 onGrmLocalServiceCb  0  call  
