============================================================
Time  2024/07/19 15:31:15 174 
============================================================
[2024/07/19 15:31:15 174] isr_local  2168 os_type is:  Linux  
[2024/07/19 15:31:15 175] isr_local  2177 SYS_MSG_LOAD_LOCAL  
[2024/07/19 15:31:15 175] isr_local  2206 SYS_MSG_REGCB_LOCAL| param0 =  msp_status_cb  
[2024/07/19 15:31:15 175] isr_local  2265 last gc at  1721374275  
[2024/07/19 15:31:15 176] isr_local  2206 SYS_MSG_REGCB_LOCAL| param0 =  build_grm_cb  
[2024/07/19 15:31:15 176] isr_local  2265 last gc at  1721374275  
[2024/07/19 15:31:15 176] isr_local  2219 ASR_LOCAL_MSG_BUILD_GRM  
[2024/07/19 15:31:15 176] isr_local  1860 grm_init | params:  engine_type = local, 		asr_res_path = fo|res/asr/common.jet, sample_rate = 16000, 		grm_build_path = res/asr/GrmBuilld,   
[2024/07/19 15:31:15 176] isr_local  803  engine_type  :  local  
[2024/07/19 15:31:15 176] isr_local  803  asr_res_path  :  fo|res/asr/common.jet  
[2024/07/19 15:31:15 176] isr_local  803  sample_rate  :  16000  
[2024/07/19 15:31:15 177] isr_local  803  grm_build_path  :  res/asr/GrmBuilld  
[2024/07/19 15:31:15 178] isr_local  1000 file count =   1  
[2024/07/19 15:31:15 178] isr_local  923  file open type is:   fo  
[2024/07/19 15:31:15 178] isr_local  956  res/asr/common.jet  0  0  
[2024/07/19 15:31:15 178] isr_local  1018 speech_plus_setting  0  
[2024/07/19 15:31:15 178] isr_local  1031 2  nil  res/asr/common.jet  0  0  
[2024/07/19 15:31:15 179] isr_local  1033 res_ver  2  
[2024/07/19 15:31:15 179] isr_local  1034 res 5  07628dc3fff61cc19f7b714af039d4eb  
[2024/07/19 15:31:15 179] isr_local  1035 res_new_old_mark  v5pp  
[2024/07/19 15:31:15 179] isr_local  1036 res_usr_name  ""  
[2024/07/19 15:31:15 179] isr_local  1037 res_expires  1725953745  
[2024/07/19 15:31:15 179] isr_local  1038 err  0  
[2024/07/19 15:31:15 179] isr_local  1054 lgi appid 5  07628dc3fff61cc19f7b714af039d4eb  
[2024/07/19 15:31:15 179] isr_local  1069 now expires:  1721374275  1725953745  
[2024/07/19 15:31:15 181] isr_local  1601 proc_retcode_grm | errorcode =  0  
[2024/07/19 15:31:15 200] isr_local  1979 grammar id:call  
[2024/07/19 15:31:15 201] isr_local  1593 onGrmLocalServiceCb  0  call  
